This is pdfTeX, Version 3.141592653-2.6-1.40.22 (MiKTeX 21.3) (preloaded format=pdflatex 2021.6.2)  12 NOV 2021 16:45
entering extended mode
**./propcharspipeline_draft.tex
(propcharspipeline_draft.tex
LaTeX2e <2020-10-01> patch level 4
L3 programming layer <2021-05-27>
(C:\Program Files\MiKTeX\tex/latex/ieeetran\IEEEtran.cls
Document Class: IEEEtran 2015/08/26 V1.8b by Michael Shell
-- See the "IEEEtran_HOWTO" manual for usage information.
-- http://www.michaelshell.org/tex/ieeetran/
\@IEEEtrantmpdimenA=\dimen138
\@IEEEtrantmpdimenB=\dimen139
\@IEEEtrantmpdimenC=\dimen140
\@IEEEtrantmpcountA=\count181
\@IEEEtrantmpcountB=\count182
\@IEEEtrantmpcountC=\count183
\@IEEEtrantmptoksA=\toks15
LaTeX Font Info:    Trying to load font information for OT1+ptm on input line 5
03.
(C:\Program Files\MiKTeX\tex/latex/psnfss\ot1ptm.fd
File: ot1ptm.fd 2001/06/04 font definitions for OT1/ptm.
)
-- Using 8.5in x 11in (letter) paper.
-- Using PDF output.
\@IEEEnormalsizeunitybaselineskip=\dimen141
-- This is a 10 point document.
\CLASSINFOnormalsizebaselineskip=\dimen142
\CLASSINFOnormalsizeunitybaselineskip=\dimen143
\IEEEnormaljot=\dimen144
LaTeX Font Info:    Font shape `OT1/ptm/bx/n' in size <5> not available
(Font)              Font shape `OT1/ptm/b/n' tried instead on input line 1090.
LaTeX Font Info:    Font shape `OT1/ptm/bx/it' in size <5> not available
(Font)              Font shape `OT1/ptm/b/it' tried instead on input line 1090.

LaTeX Font Info:    Font shape `OT1/ptm/bx/n' in size <7> not available
(Font)              Font shape `OT1/ptm/b/n' tried instead on input line 1090.
LaTeX Font Info:    Font shape `OT1/ptm/bx/it' in size <7> not available
(Font)              Font shape `OT1/ptm/b/it' tried instead on input line 1090.

LaTeX Font Info:    Font shape `OT1/ptm/bx/n' in size <8> not available
(Font)              Font shape `OT1/ptm/b/n' tried instead on input line 1090.
LaTeX Font Info:    Font shape `OT1/ptm/bx/it' in size <8> not available
(Font)              Font shape `OT1/ptm/b/it' tried instead on input line 1090.

LaTeX Font Info:    Font shape `OT1/ptm/bx/n' in size <9> not available
(Font)              Font shape `OT1/ptm/b/n' tried instead on input line 1090.
LaTeX Font Info:    Font shape `OT1/ptm/bx/it' in size <9> not available
(Font)              Font shape `OT1/ptm/b/it' tried instead on input line 1090.

LaTeX Font Info:    Font shape `OT1/ptm/bx/n' in size <10> not available
(Font)              Font shape `OT1/ptm/b/n' tried instead on input line 1090.
LaTeX Font Info:    Font shape `OT1/ptm/bx/it' in size <10> not available
(Font)              Font shape `OT1/ptm/b/it' tried instead on input line 1090.

LaTeX Font Info:    Font shape `OT1/ptm/bx/n' in size <11> not available
(Font)              Font shape `OT1/ptm/b/n' tried instead on input line 1090.
LaTeX Font Info:    Font shape `OT1/ptm/bx/it' in size <11> not available
(Font)              Font shape `OT1/ptm/b/it' tried instead on input line 1090.

LaTeX Font Info:    Font shape `OT1/ptm/bx/n' in size <12> not available
(Font)              Font shape `OT1/ptm/b/n' tried instead on input line 1090.
LaTeX Font Info:    Font shape `OT1/ptm/bx/it' in size <12> not available
(Font)              Font shape `OT1/ptm/b/it' tried instead on input line 1090.

LaTeX Font Info:    Font shape `OT1/ptm/bx/n' in size <17> not available
(Font)              Font shape `OT1/ptm/b/n' tried instead on input line 1090.
LaTeX Font Info:    Font shape `OT1/ptm/bx/it' in size <17> not available
(Font)              Font shape `OT1/ptm/b/it' tried instead on input line 1090.

LaTeX Font Info:    Font shape `OT1/ptm/bx/n' in size <20> not available
(Font)              Font shape `OT1/ptm/b/n' tried instead on input line 1090.
LaTeX Font Info:    Font shape `OT1/ptm/bx/it' in size <20> not available
(Font)              Font shape `OT1/ptm/b/it' tried instead on input line 1090.

LaTeX Font Info:    Font shape `OT1/ptm/bx/n' in size <24> not available
(Font)              Font shape `OT1/ptm/b/n' tried instead on input line 1090.
LaTeX Font Info:    Font shape `OT1/ptm/bx/it' in size <24> not available
(Font)              Font shape `OT1/ptm/b/it' tried instead on input line 1090.

\IEEEquantizedlength=\dimen145
\IEEEquantizedlengthdiff=\dimen146
\IEEEquantizedtextheightdiff=\dimen147
\IEEEilabelindentA=\dimen148
\IEEEilabelindentB=\dimen149
\IEEEilabelindent=\dimen150
\IEEEelabelindent=\dimen151
\IEEEdlabelindent=\dimen152
\IEEElabelindent=\dimen153
\IEEEiednormlabelsep=\dimen154
\IEEEiedmathlabelsep=\dimen155
\IEEEiedtopsep=\skip47
\c@section=\count184
\c@subsection=\count185
\c@subsubsection=\count186
\c@paragraph=\count187
\c@IEEEsubequation=\count188
\abovecaptionskip=\skip48
\belowcaptionskip=\skip49
\c@figure=\count189
\c@table=\count190
\@IEEEeqnnumcols=\count191
\@IEEEeqncolcnt=\count192
\@IEEEsubeqnnumrollback=\count193
\@IEEEquantizeheightA=\dimen156
\@IEEEquantizeheightB=\dimen157
\@IEEEquantizeheightC=\dimen158
\@IEEEquantizeprevdepth=\dimen159
\@IEEEquantizemultiple=\count194
\@IEEEquantizeboxA=\box47
\@IEEEtmpitemindent=\dimen160
\IEEEPARstartletwidth=\dimen161
\c@IEEEbiography=\count195
\@IEEEtranrubishbin=\box48
) (C:\Program Files\MiKTeX\tex/latex/amsmath\amsmath.sty
Package: amsmath 2020/09/23 v2.17i AMS math features
\@mathmargin=\skip50

For additional information on amsmath, use the `?' option.
(C:\Program Files\MiKTeX\tex/latex/amsmath\amstext.sty
Package: amstext 2000/06/29 v2.01 AMS text

(C:\Program Files\MiKTeX\tex/latex/amsmath\amsgen.sty
File: amsgen.sty 1999/11/30 v2.0 generic functions
\@emptytoks=\toks16
\ex@=\dimen162
))
(C:\Program Files\MiKTeX\tex/latex/amsmath\amsbsy.sty
Package: amsbsy 1999/11/29 v1.2d Bold Symbols
\pmbraise@=\dimen163
)
(C:\Program Files\MiKTeX\tex/latex/amsmath\amsopn.sty
Package: amsopn 2016/03/08 v2.02 operator names
)
\inf@bad=\count196
LaTeX Info: Redefining \frac on input line 234.
\uproot@=\count197
\leftroot@=\count198
LaTeX Info: Redefining \overline on input line 399.
\classnum@=\count199
\DOTSCASE@=\count266
LaTeX Info: Redefining \ldots on input line 496.
LaTeX Info: Redefining \dots on input line 499.
LaTeX Info: Redefining \cdots on input line 620.
\Mathstrutbox@=\box49
\strutbox@=\box50
\big@size=\dimen164
LaTeX Font Info:    Redeclaring font encoding OML on input line 743.
LaTeX Font Info:    Redeclaring font encoding OMS on input line 744.
\macc@depth=\count267
\c@MaxMatrixCols=\count268
\dotsspace@=\muskip16
\c@parentequation=\count269
\dspbrk@lvl=\count270
\tag@help=\toks17
\row@=\count271
\column@=\count272
\maxfields@=\count273
\andhelp@=\toks18
\eqnshift@=\dimen165
\alignsep@=\dimen166
\tagshift@=\dimen167
\tagwidth@=\dimen168
\totwidth@=\dimen169
\lineht@=\dimen170
\@envbody=\toks19
\multlinegap=\skip51
\multlinetaggap=\skip52
\mathdisplay@stack=\toks20
LaTeX Info: Redefining \[ on input line 2923.
LaTeX Info: Redefining \] on input line 2924.
)
(C:\Program Files\MiKTeX\tex/latex/amsfonts\amsfonts.sty
Package: amsfonts 2013/01/14 v3.01 Basic AMSFonts support
\symAMSa=\mathgroup4
\symAMSb=\mathgroup5
LaTeX Font Info:    Redeclaring math symbol \hbar on input line 98.
LaTeX Font Info:    Overwriting math alphabet `\mathfrak' in version `bold'
(Font)                  U/euf/m/n --> U/euf/b/n on input line 106.
)
(C:\Program Files\MiKTeX\tex/latex/algorithms\algorithmic.sty
Package: algorithmic 2009/08/24 v0.1 Document Style `algorithmic'

(C:\Program Files\MiKTeX\tex/latex/base\ifthen.sty
Package: ifthen 2014/09/29 v1.1c Standard LaTeX ifthen package (DPC)
)
(C:\Program Files\MiKTeX\tex/latex/graphics\keyval.sty
Package: keyval 2014/10/28 v1.15 key=value parser (DPC)
\KV@toks@=\toks21
)
\c@ALC@unique=\count274
\c@ALC@line=\count275
\c@ALC@rem=\count276
\c@ALC@depth=\count277
\ALC@tlm=\skip53
\algorithmicindent=\skip54
)
(C:\Program Files\MiKTeX\tex/latex/algorithms\algorithm.sty
Package: algorithm 2009/08/24 v0.1 Document Style `algorithm' - floating enviro
nment

(C:\Program Files\MiKTeX\tex/latex/float\float.sty
Package: float 2001/11/08 v1.3d Float enhancements (AL)
\c@float@type=\count278
\float@exts=\toks22
\float@box=\box51
\@float@everytoks=\toks23
\@floatcapt=\box52
)
\@float@every@algorithm=\toks24
\c@algorithm=\count279
)
(C:\Program Files\MiKTeX\tex/latex/latex-tools\array.sty
Package: array 2020/10/01 v2.5c Tabular extension package (FMi)
\col@sep=\dimen171
\ar@mcellbox=\box53
\extrarowheight=\dimen172
\NC@list=\toks25
\extratabsurround=\skip55
\backup@length=\skip56
\ar@cellbox=\box54
)
(C:\Program Files\MiKTeX\tex/latex/subfig\subfig.sty
Package: subfig 2005/06/28 ver: 1.3 subfig package

(C:\Program Files\MiKTeX\tex/latex/caption\caption3.sty
Package: caption3 2020/10/21 v2.2e caption3 kernel (AR)
\captionmargin=\dimen173
\captionmargin@=\dimen174
\captionwidth=\dimen175
\caption@tempdima=\dimen176
\caption@indent=\dimen177
\caption@parindent=\dimen178
\caption@hangindent=\dimen179
Package caption Info: Unknown document class (or package),
(caption)             standard defaults will be used.
Package caption Info: \@makecaption = \long macro:#1#2->\ifx \@captype \@IEEEta
blestring \footnotesize \bgroup \par \centering \@IEEEtabletopskipstrut {\norma
lfont \footnotesize #1}\\{\normalfont \footnotesize \scshape #2}\par \addvspace
 {0.5\baselineskip }\egroup \@IEEEtablecaptionsepspace \else \@IEEEfigurecaptio
nsepspace \setbox \@tempboxa \hbox {\normalfont \footnotesize {#1.}\nobreakspac
e \nobreakspace #2}\ifdim \wd \@tempboxa >\hsize \setbox \@tempboxa \hbox {\nor
malfont \footnotesize {#1.}\nobreakspace \nobreakspace }\parbox [t]{\hsize }{\n
ormalfont \footnotesize \noindent \unhbox \@tempboxa #2}\else \ifCLASSOPTIONcon
ference \hbox to\hsize {\normalfont \footnotesize \hfil \box \@tempboxa \hfil }
\else \hbox to\hsize {\normalfont \footnotesize \box \@tempboxa \hfil }\fi \fi 
\fi  on input line 1139.
)
\c@KVtest=\count280
\sf@farskip=\skip57
\sf@captopadj=\dimen180
\sf@capskip=\skip58
\sf@nearskip=\skip59
\c@subfigure=\count281
\c@subfigure@save=\count282
\c@lofdepth=\count283
\c@subtable=\count284
\c@subtable@save=\count285
\c@lotdepth=\count286
\sf@top=\skip60
\sf@bottom=\skip61
)
(C:\Program Files\MiKTeX\tex/latex/base\textcomp.sty
Package: textcomp 2020/02/02 v2.0n Standard LaTeX package
)
(C:\Program Files\MiKTeX\tex/latex/sttools\stfloats.sty
Package: stfloats 2017/03/27 v3.3 Improve float mechanism and baselineskip sett
ings
\@dblbotnum=\count287
\c@dblbotnumber=\count288
)
(C:\Program Files\MiKTeX\tex/latex/url\url.sty
\Urlmuskip=\muskip17
Package: url 2013/09/16  ver 3.4  Verb mode for urls, etc.
)
(C:\Program Files\MiKTeX\tex/latex/latex-tools\verbatim.sty
Package: verbatim 2020-07-07 v1.5u LaTeX2e package for verbatim enhancements
\every@verbatim=\toks26
\verbatim@line=\toks27
\verbatim@in@stream=\read2
)
(C:\Program Files\MiKTeX\tex/latex/graphics\graphicx.sty
Package: graphicx 2020/09/09 v1.2b Enhanced LaTeX Graphics (DPC,SPQR)

(C:\Program Files\MiKTeX\tex/latex/graphics\graphics.sty
Package: graphics 2020/08/30 v1.4c Standard LaTeX Graphics (DPC,SPQR)

(C:\Program Files\MiKTeX\tex/latex/graphics\trig.sty
Package: trig 2016/01/03 v1.10 sin cos tan (DPC)
)
(C:\Program Files\MiKTeX\tex/latex/graphics-cfg\graphics.cfg
File: graphics.cfg 2016/06/04 v1.11 sample graphics configuration
)
Package graphics Info: Driver file: pdftex.def on input line 105.

(C:\Program Files\MiKTeX\tex/latex/graphics-def\pdftex.def
File: pdftex.def 2020/10/05 v1.2a Graphics/color driver for pdftex
))
\Gin@req@height=\dimen181
\Gin@req@width=\dimen182
)
(C:\Program Files\MiKTeX\tex/latex/cite\cite.sty
LaTeX Info: Redefining \cite on input line 302.
LaTeX Info: Redefining \nocite on input line 332.
Package: cite 2015/02/27  v 5.5
)
(C:\Program Files\MiKTeX\tex/latex/blindtext\blindtext.sty
Package: blindtext 2012/01/06 V2.0 blindtext-Package

(C:\Program Files\MiKTeX\tex/latex/latex-tools\xspace.sty
Package: xspace 2014/10/28 v1.13 Space after command names (DPC,MH)
)
\c@blindtext=\count289
\c@Blindtext=\count290
\c@blind@countparstart=\count291
\blind@countxx=\count292
\blindtext@numBlindtext=\count293
\blind@countyy=\count294
\c@blindlist=\count295
\c@blindlistlevel=\count296
\c@blindlist@level=\count297
\blind@listitem=\count298
\c@blind@listcount=\count299
\c@blind@levelcount=\count300
\blind@mathformula=\count301
\blind@Mathformula=\count302
\c@blind@randomcount=\count303
\c@blind@randommax=\count304
\c@blind@pangramcount=\count305
\c@blind@pangrammax=\count306
)
(C:\Program Files\MiKTeX\tex/latex/l3backend\l3backend-pdftex.def
File: l3backend-pdftex.def 2021-05-07 L3 backend support: PDF output (pdfTeX)
\l__color_backend_stack_int=\count307
\l__pdf_internal_box=\box55
)

LaTeX Warning: Unused global option(s):
    [lettersize].

(propcharspipeline_draft.aux)
\openout1 = `propcharspipeline_draft.aux'.

LaTeX Font Info:    Checking defaults for OML/cmm/m/it on input line 21.
LaTeX Font Info:    ... okay on input line 21.
LaTeX Font Info:    Checking defaults for OMS/cmsy/m/n on input line 21.
LaTeX Font Info:    ... okay on input line 21.
LaTeX Font Info:    Checking defaults for OT1/cmr/m/n on input line 21.
LaTeX Font Info:    ... okay on input line 21.
LaTeX Font Info:    Checking defaults for T1/cmr/m/n on input line 21.
LaTeX Font Info:    ... okay on input line 21.
LaTeX Font Info:    Checking defaults for TS1/cmr/m/n on input line 21.
LaTeX Font Info:    ... okay on input line 21.
LaTeX Font Info:    Checking defaults for OMX/cmex/m/n on input line 21.
LaTeX Font Info:    ... okay on input line 21.
LaTeX Font Info:    Checking defaults for U/cmr/m/n on input line 21.
LaTeX Font Info:    ... okay on input line 21.

-- Lines per column: 58 (exact).
Package caption Info: Begin \AtBeginDocument code.
Package caption Info: subfig package v1.3 is loaded.
Package caption Info: End \AtBeginDocument code.
(C:\Program Files\MiKTeX\tex/context/base/mkii\supp-pdf.mkii
[Loading MPS to PDF converter (version 2006.09.02).]
\scratchcounter=\count308
\scratchdimen=\dimen183
\scratchbox=\box56
\nofMPsegments=\count309
\nofMParguments=\count310
\everyMPshowfont=\toks28
\MPscratchCnt=\count311
\MPscratchDim=\dimen184
\MPnumerator=\count312
\makeMPintoPDFobject=\count313
\everyMPtoPDFconversion=\toks29
) (C:\Program Files\MiKTeX\tex/latex/epstopdf-pkg\epstopdf-base.sty
Package: epstopdf-base 2020-01-24 v2.11 Base part for package epstopdf
Package epstopdf-base Info: Redefining graphics rule for `.eps' on input line 4
85.

(C:\Program Files\MiKTeX\tex/latex/00miktex\epstopdf-sys.cfg
File: epstopdf-sys.cfg 2021/03/18 v2.0 Configuration of epstopdf for MiKTeX
))
Package epstopdf Info: Source file: <./fig/CharImped_FD0_Ztot_Wise_Ytot_Wise_rh
o1000_eps5.eps>
(epstopdf)                    date: 2021-11-11 23:13:42
(epstopdf)                    size: 165399 bytes
(epstopdf)             Output file: <./fig/CharImped_FD0_Ztot_Wise_Ytot_Wise_rh
o1000_eps5-eps-converted-to.pdf>
(epstopdf)                    date: 2021-11-12 00:35:32
(epstopdf)                    size: 45288 bytes
(epstopdf)             Command: <miktex-epstopdf --outfile=./fig/CharImped_FD0_
Ztot_Wise_Ytot_Wise_rho1000_eps5-eps-converted-to.pdf ./fig/CharImped_FD0_Ztot_
Wise_Ytot_Wise_rho1000_eps5.eps>
(epstopdf)             \includegraphics on input line 71.
Package epstopdf Info: Output file is already uptodate.


pdfTeX warning: pdflatex.exe (file ./fig/CharImped_FD0_Ztot_Wise_Ytot_Wise_rho1
000_eps5-eps-converted-to.pdf): PDF inclusion: found PDF version <1.7>, but at 
most version <1.5> allowed
<./fig/CharImped_FD0_Ztot_Wise_Ytot_Wise_rho1000_eps5-eps-converted-to.pdf, id=
1, 500.87125pt x 500.87125pt>
File: ./fig/CharImped_FD0_Ztot_Wise_Ytot_Wise_rho1000_eps5-eps-converted-to.pdf
 Graphic file (type pdf)
<use ./fig/CharImped_FD0_Ztot_Wise_Ytot_Wise_rho1000_eps5-eps-converted-to.pdf>

Package pdftex.def Info: ./fig/CharImped_FD0_Ztot_Wise_Ytot_Wise_rho1000_eps5-e
ps-converted-to.pdf  used on input line 71.
(pdftex.def)             Requested size: 252.0pt x 252.00174pt.
LaTeX Font Info:    Trying to load font information for U+msa on input line 72.

(C:\Program Files\MiKTeX\tex/latex/amsfonts\umsa.fd
File: umsa.fd 2013/01/14 v3.01 AMS symbols A
)
LaTeX Font Info:    Trying to load font information for U+msb on input line 72.


(C:\Program Files\MiKTeX\tex/latex/amsfonts\umsb.fd
File: umsb.fd 2013/01/14 v3.01 AMS symbols B
)
Package epstopdf Info: Source file: <./fig/AtnConst_PhaseVel_FD0_Ztot_Wise_Ytot
_Wise_rho1000_eps5.eps>
(epstopdf)                    date: 2021-11-11 23:15:38
(epstopdf)                    size: 186514 bytes
(epstopdf)             Output file: <./fig/AtnConst_PhaseVel_FD0_Ztot_Wise_Ytot
_Wise_rho1000_eps5-eps-converted-to.pdf>
(epstopdf)                    date: 2021-11-12 00:35:33
(epstopdf)                    size: 49009 bytes
(epstopdf)             Command: <miktex-epstopdf --outfile=./fig/AtnConst_Phase
Vel_FD0_Ztot_Wise_Ytot_Wise_rho1000_eps5-eps-converted-to.pdf ./fig/AtnConst_Ph
aseVel_FD0_Ztot_Wise_Ytot_Wise_rho1000_eps5.eps>
(epstopdf)             \includegraphics on input line 79.
Package epstopdf Info: Output file is already uptodate.


pdfTeX warning: pdflatex.exe (file ./fig/AtnConst_PhaseVel_FD0_Ztot_Wise_Ytot_W
ise_rho1000_eps5-eps-converted-to.pdf): PDF inclusion: found PDF version <1.7>,
 but at most version <1.5> allowed
<./fig/AtnConst_PhaseVel_FD0_Ztot_Wise_Ytot_Wise_rho1000_eps5-eps-converted-to.
pdf, id=2, 500.87125pt x 500.87125pt>
File: ./fig/AtnConst_PhaseVel_FD0_Ztot_Wise_Ytot_Wise_rho1000_eps5-eps-converte
d-to.pdf Graphic file (type pdf)
<use ./fig/AtnConst_PhaseVel_FD0_Ztot_Wise_Ytot_Wise_rho1000_eps5-eps-converted
-to.pdf>
Package pdftex.def Info: ./fig/AtnConst_PhaseVel_FD0_Ztot_Wise_Ytot_Wise_rho100
0_eps5-eps-converted-to.pdf  used on input line 79.
(pdftex.def)             Requested size: 252.0pt x 252.00174pt.
[1{E:/Users/Amauri/AppData/Local/MiKTeX/pdftex/config/pdftex.map}


 <./fig/CharImped_FD0_Ztot_Wise_Ytot_Wise_rho1000_eps5-eps-converted-to.pdf> <.
/fig/AtnConst_PhaseVel_FD0_Ztot_Wise_Ytot_Wise_rho1000_eps5-eps-converted-to.pd
f>]
Package epstopdf Info: Source file: <./fig/TransfMat_FD0_Ztot_Wise_Ytot_Wise_rh
o1000_eps5.eps>
(epstopdf)                    date: 2021-11-12 00:42:50
(epstopdf)                    size: 919336 bytes
(epstopdf)             Output file: <./fig/TransfMat_FD0_Ztot_Wise_Ytot_Wise_rh
o1000_eps5-eps-converted-to.pdf>
(epstopdf)                    date: 2021-11-12 00:43:07
(epstopdf)                    size: 209830 bytes
(epstopdf)             Command: <miktex-epstopdf --outfile=./fig/TransfMat_FD0_
Ztot_Wise_Ytot_Wise_rho1000_eps5-eps-converted-to.pdf ./fig/TransfMat_FD0_Ztot_
Wise_Ytot_Wise_rho1000_eps5.eps>
(epstopdf)             \includegraphics on input line 88.
Package epstopdf Info: Output file is already uptodate.


pdfTeX warning: pdflatex.exe (file ./fig/TransfMat_FD0_Ztot_Wise_Ytot_Wise_rho1
000_eps5-eps-converted-to.pdf): PDF inclusion: found PDF version <1.7>, but at 
most version <1.5> allowed
<./fig/TransfMat_FD0_Ztot_Wise_Ytot_Wise_rho1000_eps5-eps-converted-to.pdf, id=
29, 800.9925pt x 601.24625pt>
File: ./fig/TransfMat_FD0_Ztot_Wise_Ytot_Wise_rho1000_eps5-eps-converted-to.pdf
 Graphic file (type pdf)
<use ./fig/TransfMat_FD0_Ztot_Wise_Ytot_Wise_rho1000_eps5-eps-converted-to.pdf>

Package pdftex.def Info: ./fig/TransfMat_FD0_Ztot_Wise_Ytot_Wise_rho1000_eps5-e
ps-converted-to.pdf  used on input line 88.
(pdftex.def)             Requested size: 516.0pt x 387.34673pt.
[2

 <./fig/TransfMat_FD0_Ztot_Wise_Ytot_Wise_rho1000_eps5-eps-converted-to.pdf>]
Package epstopdf Info: Source file: <./fig/WisCarPropag_noratio___const_model_m
ode3.eps>
(epstopdf)                    date: 2021-11-12 00:24:57
(epstopdf)                    size: 177428 bytes
(epstopdf)             Output file: <./fig/WisCarPropag_noratio___const_model_m
ode3-eps-converted-to.pdf>
(epstopdf)                    date: 2021-11-12 00:35:37
(epstopdf)                    size: 53286 bytes
(epstopdf)             Command: <miktex-epstopdf --outfile=./fig/WisCarPropag_n
oratio___const_model_mode3-eps-converted-to.pdf ./fig/WisCarPropag_noratio___co
nst_model_mode3.eps>
(epstopdf)             \includegraphics on input line 100.
Package epstopdf Info: Output file is already uptodate.


pdfTeX warning: pdflatex.exe (file ./fig/WisCarPropag_noratio___const_model_mod
e3-eps-converted-to.pdf): PDF inclusion: found PDF version <1.7>, but at most v
ersion <1.5> allowed
<./fig/WisCarPropag_noratio___const_model_mode3-eps-converted-to.pdf, id=41, 50
0.87125pt x 500.87125pt>
File: ./fig/WisCarPropag_noratio___const_model_mode3-eps-converted-to.pdf Graph
ic file (type pdf)
<use ./fig/WisCarPropag_noratio___const_model_mode3-eps-converted-to.pdf>
Package pdftex.def Info: ./fig/WisCarPropag_noratio___const_model_mode3-eps-con
verted-to.pdf  used on input line 100.
(pdftex.def)             Requested size: 252.0pt x 252.00174pt.
Package epstopdf Info: Source file: <./fig/WiseCarson___rho___CP_mode3.eps>
(epstopdf)                    date: 2021-11-12 00:30:56
(epstopdf)                    size: 120452 bytes
(epstopdf)             Output file: <./fig/WiseCarson___rho___CP_mode3-eps-conv
erted-to.pdf>
(epstopdf)                    date: 2021-11-12 00:35:38
(epstopdf)                    size: 34644 bytes
(epstopdf)             Command: <miktex-epstopdf --outfile=./fig/WiseCarson___r
ho___CP_mode3-eps-converted-to.pdf ./fig/WiseCarson___rho___CP_mode3.eps>
(epstopdf)             \includegraphics on input line 108.
Package epstopdf Info: Output file is already uptodate.


pdfTeX warning: pdflatex.exe (file ./fig/WiseCarson___rho___CP_mode3-eps-conver
ted-to.pdf): PDF inclusion: found PDF version <1.7>, but at most version <1.5> 
allowed
<./fig/WiseCarson___rho___CP_mode3-eps-converted-to.pdf, id=42, 500.87125pt x 5
00.87125pt>
File: ./fig/WiseCarson___rho___CP_mode3-eps-converted-to.pdf Graphic file (type
 pdf)
<use ./fig/WiseCarson___rho___CP_mode3-eps-converted-to.pdf>
Package pdftex.def Info: ./fig/WiseCarson___rho___CP_mode3-eps-converted-to.pdf
  used on input line 108.
(pdftex.def)             Requested size: 252.0pt x 252.00174pt.
Package epstopdf Info: Source file: <./fig/WisCarPropag_noratio___const_model_m
ode4.eps>
(epstopdf)                    date: 2021-11-12 00:27:34
(epstopdf)                    size: 174877 bytes
(epstopdf)             Output file: <./fig/WisCarPropag_noratio___const_model_m
ode4-eps-converted-to.pdf>
(epstopdf)                    date: 2021-11-12 00:35:39
(epstopdf)                    size: 52127 bytes
(epstopdf)             Command: <miktex-epstopdf --outfile=./fig/WisCarPropag_n
oratio___const_model_mode4-eps-converted-to.pdf ./fig/WisCarPropag_noratio___co
nst_model_mode4.eps>
(epstopdf)             \includegraphics on input line 116.
Package epstopdf Info: Output file is already uptodate.


pdfTeX warning: pdflatex.exe (file ./fig/WisCarPropag_noratio___const_model_mod
e4-eps-converted-to.pdf): PDF inclusion: found PDF version <1.7>, but at most v
ersion <1.5> allowed
<./fig/WisCarPropag_noratio___const_model_mode4-eps-converted-to.pdf, id=43, 50
0.87125pt x 500.87125pt>
File: ./fig/WisCarPropag_noratio___const_model_mode4-eps-converted-to.pdf Graph
ic file (type pdf)
<use ./fig/WisCarPropag_noratio___const_model_mode4-eps-converted-to.pdf>
Package pdftex.def Info: ./fig/WisCarPropag_noratio___const_model_mode4-eps-con
verted-to.pdf  used on input line 116.
(pdftex.def)             Requested size: 252.0pt x 252.00174pt.
Package epstopdf Info: Source file: <./fig/WiseCarson___rho___CP_mode4.eps>
(epstopdf)                    date: 2021-11-12 00:35:22
(epstopdf)                    size: 119783 bytes
(epstopdf)             Output file: <./fig/WiseCarson___rho___CP_mode4-eps-conv
erted-to.pdf>
(epstopdf)                    date: 2021-11-12 00:35:40
(epstopdf)                    size: 32831 bytes
(epstopdf)             Command: <miktex-epstopdf --outfile=./fig/WiseCarson___r
ho___CP_mode4-eps-converted-to.pdf ./fig/WiseCarson___rho___CP_mode4.eps>
(epstopdf)             \includegraphics on input line 124.
Package epstopdf Info: Output file is already uptodate.


pdfTeX warning: pdflatex.exe (file ./fig/WiseCarson___rho___CP_mode4-eps-conver
ted-to.pdf): PDF inclusion: found PDF version <1.7>, but at most version <1.5> 
allowed
<./fig/WiseCarson___rho___CP_mode4-eps-converted-to.pdf, id=44, 500.87125pt x 5
00.87125pt>
File: ./fig/WiseCarson___rho___CP_mode4-eps-converted-to.pdf Graphic file (type
 pdf)
<use ./fig/WiseCarson___rho___CP_mode4-eps-converted-to.pdf>
Package pdftex.def Info: ./fig/WiseCarson___rho___CP_mode4-eps-converted-to.pdf
  used on input line 124.
(pdftex.def)             Requested size: 252.0pt x 252.00174pt.
Package epstopdf Info: Source file: <./fig/WiSoilModel_ratio_mode3.eps>
(epstopdf)                    date: 2021-11-12 16:04:32
(epstopdf)                    size: 172356 bytes
(epstopdf)             Output file: <./fig/WiSoilModel_ratio_mode3-eps-converte
d-to.pdf>
(epstopdf)                    date: 2021-11-12 16:39:10
(epstopdf)                    size: 59872 bytes
(epstopdf)             Command: <miktex-epstopdf --outfile=./fig/WiSoilModel_ra
tio_mode3-eps-converted-to.pdf ./fig/WiSoilModel_ratio_mode3.eps>
(epstopdf)             \includegraphics on input line 133.
Package epstopdf Info: Output file is already uptodate.


pdfTeX warning: pdflatex.exe (file ./fig/WiSoilModel_ratio_mode3-eps-converted-
to.pdf): PDF inclusion: found PDF version <1.7>, but at most version <1.5> allo
wed
<./fig/WiSoilModel_ratio_mode3-eps-converted-to.pdf, id=45, 500.87125pt x 500.8
7125pt>
File: ./fig/WiSoilModel_ratio_mode3-eps-converted-to.pdf Graphic file (type pdf
)
<use ./fig/WiSoilModel_ratio_mode3-eps-converted-to.pdf>
Package pdftex.def Info: ./fig/WiSoilModel_ratio_mode3-eps-converted-to.pdf  us
ed on input line 133.
(pdftex.def)             Requested size: 252.0pt x 252.00174pt.
Package epstopdf Info: Source file: <./fig/WiSoilModel_ratio_mode4.eps>
(epstopdf)                    date: 2021-11-12 16:16:22
(epstopdf)                    size: 174289 bytes
(epstopdf)             Output file: <./fig/WiSoilModel_ratio_mode4-eps-converte
d-to.pdf>
(epstopdf)                    date: 2021-11-12 16:39:12
(epstopdf)                    size: 59872 bytes
(epstopdf)             Command: <miktex-epstopdf --outfile=./fig/WiSoilModel_ra
tio_mode4-eps-converted-to.pdf ./fig/WiSoilModel_ratio_mode4.eps>
(epstopdf)             \includegraphics on input line 141.
Package epstopdf Info: Output file is already uptodate.


pdfTeX warning: pdflatex.exe (file ./fig/WiSoilModel_ratio_mode4-eps-converted-
to.pdf): PDF inclusion: found PDF version <1.7>, but at most version <1.5> allo
wed
<./fig/WiSoilModel_ratio_mode4-eps-converted-to.pdf, id=46, 500.87125pt x 500.8
7125pt>
File: ./fig/WiSoilModel_ratio_mode4-eps-converted-to.pdf Graphic file (type pdf
)
<use ./fig/WiSoilModel_ratio_mode4-eps-converted-to.pdf>
Package pdftex.def Info: ./fig/WiSoilModel_ratio_mode4-eps-converted-to.pdf  us
ed on input line 141.
(pdftex.def)             Requested size: 252.0pt x 252.00174pt.

Underfull \vbox (badness 2384) has occurred while \output is active []

 [3

 <./fig/WisCarPropag_noratio___const_model_mode3-eps-converted-to.pdf> <./fig/W
iseCarson___rho___CP_mode3-eps-converted-to.pdf> <./fig/WisCarPropag_noratio___
const_model_mode4-eps-converted-to.pdf>]
Underfull \vbox (badness 2384) has occurred while \output is active []

 [4 <./fig/WiseCarson___rho___CP_mode4-eps-converted-to.pdf> <./fig/WiSoilModel
_ratio_mode3-eps-converted-to.pdf> <./fig/WiSoilModel_ratio_mode4-eps-converted
-to.pdf>]
(propcharspipeline_draft.aux) ) 
Here is how much of TeX's memory you used:
 4550 strings out of 479127
 77879 string characters out of 2864219
 374906 words of memory out of 3000000
 22139 multiletter control sequences out of 15000+600000
 439892 words of font info for 93 fonts, out of 8000000 for 9000
 1145 hyphenation exceptions out of 8191
 57i,6n,66p,398b,273s stack positions out of 5000i,500n,10000p,200000b,80000s
{C:/Program Files/MiKTeX/fonts/enc/dvips/base/8r
.enc}<C:/Program Files/MiKTeX/fonts/type1/public/amsfonts/cm/cmmi8.pfb><C:/Prog
ram Files/MiKTeX/fonts/type1/public/amsfonts/cm/cmr8.pfb><C:/Program Files/MiKT
eX/fonts/type1/urw/times/utmb8a.pfb><C:/Program Files/MiKTeX/fonts/type1/urw/ti
mes/utmbi8a.pfb><C:/Program Files/MiKTeX/fonts/type1/urw/times/utmr8a.pfb><C:/P
rogram Files/MiKTeX/fonts/type1/urw/times/utmri8a.pfb>
Output written on propcharspipeline_draft.pdf (4 pages, 653301 bytes).
PDF statistics:
 121 PDF objects out of 1000 (max. 8388607)
 0 named destinations out of 1000 (max. 500000)
 46 words of extra memory for PDF output out of 10000 (max. 10000000)

