   ---   18   cards of disk file read into card cache cells  1   onward.
   --- Pass 1.   Card = 7.   Ready to open $INCLUDE = E:\Users\Amauri\Documents\UnB\_Projetos\AdvLCC\JMTest.pch                     
   --- Pass 1.   Card = 69.   Ready to open $INCLUDE = E:\Users\Amauri\Documents\UnB\_Projetos\AdvLCC\xVerifyZ.dat                  
Alternative Transients Program (ATP),  F77 GNU Linux or DOS.  All rights reserved by Can/Am user group of Portland, Oregon, USA.
 Date (dd-mth-yy) and time of day (hh.mm.ss) = 11-Nov-18  11.00.00    Name of disk plot file, if any, is
Consult the 860-page ATP Rule Book of the Can/Am EMTP User Group in Portland,  Oregon, USA.  Source code date is
Total size of LABCOM tables = 414354785 INTEGER words.  31 VARDIM  List Sizes follow:  6002  10K  192K  900  420K  1200  15K
 99999K  2250  3800  720  2K 72800  510  800K  800  90  254  800K  100K 99999  15K  192K  120  45K  260K  600  210K  1100  19 99999
--------------------------------------------------+--------------------------------------------------------------------------------
Descriptive interpretation of input data cards.   |  Input data card images are shown below, all 80 columns, character by character
                                                  0         1         2         3         4         5         6         7         8
                                                  012345678901234567890123456789012345678901234567890123456789012345678901234567890
--------------------------------------------------+--------------------------------------------------------------------------------
Comment card.   KOMPAR > 0.                       |C data:xVerify.dat
Marker card preceding new EMTP data case.         |BEGIN NEW DATA CASE
LMF scan   1.000E+00   0.000E+00   1.000E+02   10 |LINE MODEL FREQUENCY SCAN,         1., ,    100.,       10, , ,
Misc. data.     1.667E-04  -1.000E+00   0.000E+00 |1.667E-4    -1.0
Misc. data.      1    1  0  0  0  0  0  1  0  0   |       1       1                                               1
Comment card.   KOMPAR > 0.                       |C $PREFIX, E:\Users\Amauri\Documents\UnB\_Projetos\AdvLCC\
Comment card.   KOMPAR > 0.                       |C $INCLUDE, JMTest.pch
Comment card.   KOMPAR > 0.                       |C  <++++++>  Cards punched by support routine on  11-Nov-18  11.00.00  <++++++>
Comment card.   KOMPAR > 0.                       |C     ***** UNTRANSPOSED JMARTI line segment ******
Comment card.   KOMPAR > 0.                       |C JMARTI SETUP
Comment card.   KOMPAR > 0.                       |C $ERASE
Comment card.   KOMPAR > 0.                       |C BRANCH  IN_001OUT001IN_002OUT002IN_003OUT003
Comment card.   KOMPAR > 0.                       |C LINE CONSTANTS
Comment card.   KOMPAR > 0.                       |C METRIC
Comment card.   KOMPAR > 0.                       |C   10.316    .215 4           1.724     0.0      8.      8.
Comment card.   KOMPAR > 0.                       |C   20.316    .215 4           1.724     1.5      8.      8.
Comment card.   KOMPAR > 0.                       |C   30.316    .215 4           1.724     2.3      8.      8.
Comment card.   KOMPAR > 0.                       |C BLANK CARD ENDING CONDUCTOR CARDS
Comment card.   KOMPAR > 0.                       |C     100.      100.                              100.                 1-9
Comment card.   KOMPAR > 0.                       |C     100.       50.                              100.                 1-9
Comment card.   KOMPAR > 0.                       |C     100.       50.                              100.         2 10    1-9
Comment card.   KOMPAR > 0.                       |C BLANK CARD ENDING FREQUENCY CARDS
Comment card.   KOMPAR > 0.                       |C BLANK CARD ENDING LINE CONSTANT
Comment card.   KOMPAR > 0.                       |C DEFAULT
J. Marti line, mode  1   parameters begin.        |-1IN_001OUT001                2.  0.00              -2 3
J. Marti line, mode  2   parameters begin.        |-2IN_002OUT002                2.  0.00              -2 3
J. Marti line, mode  3   parameters begin.        |-3IN_003OUT003                2.  0.00              -2 3
TR(1,1 )...  0.636-0.799-0.167                    |  0.63571432 -0.79862947 -0.16656538
TI(1,1 )...  0.000 0.005-0.002                    |  0.00000000  0.00527262 -0.00169655
TR(2,1 )...  0.514 0.256 0.775                    |  0.51434245  0.25618710  0.77536401
TI(2,1 )...  0.041-0.008-0.019                    |  0.04084005 -0.00756752 -0.01873243
TR(3,1 )...  0.574 0.544-0.609                    |  0.57394981  0.54430362 -0.60883985
TI(3,1 )...  0.015-0.014 0.005                    |  0.01525968 -0.01440995  0.00518395
Comment card.   KOMPAR > 0.                       |C End of $INCLUDE.  File name = JMTest.pch
Comment card.   KOMPAR > 0.                       |C $INCLUDE, xVerifyZ.dat, IN_001, IN_002, IN_003, OUT001, OUT002, OUT003
Series R-L-C.   1.000E-03  0.000E+00  0.000E+00   |  IN_001GENIA              0.001
Series R-L-C.   1.000E-03  0.000E+00  0.000E+00   |  IN_002GENIB              0.001
Series R-L-C.   1.000E-03  0.000E+00  0.000E+00   |  IN_003GENIC              0.001
Series R-L-C.   1.000E-03  0.000E+00  0.000E+00   |  OUT001                   0.001
Series R-L-C.   1.000E-03  0.000E+00  0.000E+00   |  OUT002                   0.001
Series R-L-C.   1.000E-03  0.000E+00  0.000E+00   |  OUT003                   0.001
Blank card ending branches.  IBR, NTOT = 9  10    |BLANK BRANCH
Blank card ending switches.   KSWTCH = 0.         |BLANK SWITCH
Source.   1.00E+00  5.00E+01  0.00E+00 -1.00E+00  |14GENIA -1       1.0       50.       0.0                          -1.0
Source.   1.00E+00  5.00E+01  0.00E+00 -1.00E+00  |14GENIB -1       1.0       50.       0.0                          -1.0
Source.   1.00E+00  5.00E+01  0.00E+00 -1.00E+00  |14GENIC -1       1.0       50.       0.0                          -1.0
Blank card ends electric sources.  KCONST = 3     |BLANK SOURCE
    1)  Freq [Hz] = 1.00000000E+00   Total network loss =  2.769043892008E+01
Card of bus names for node voltage output.        |  GENIA GENIB GENIC
Blank card ending node names for voltage output.  |BLANK OUTPUT
    2)  Freq [Hz] = 1.25892541E+00   Total network loss =  2.776905048729E+01
    3)  Freq [Hz] = 1.58489319E+00   Total network loss =  2.786872421415E+01
    4)  Freq [Hz] = 1.99526231E+00   Total network loss =  2.799532717905E+01
    5)  Freq [Hz] = 2.51188643E+00   Total network loss =  2.815648704092E+01
    6)  Freq [Hz] = 3.16227766E+00   Total network loss =  2.836218852632E+01
    7)  Freq [Hz] = 3.98107171E+00   Total network loss =  2.862560579453E+01
    8)  Freq [Hz] = 5.01187234E+00   Total network loss =  2.896427821859E+01
    9)  Freq [Hz] = 6.30957344E+00   Total network loss =  2.940179047275E+01
   10)  Freq [Hz] = 7.94328235E+00   Total network loss =  2.997019749944E+01
   11)  Freq [Hz] = 1.00000000E+01   Total network loss =  3.071355167739E+01
   12)  Freq [Hz] = 1.25892541E+01   Total network loss =  3.169305448556E+01
   13)  Freq [Hz] = 1.58489319E+01   Total network loss =  3.299457266249E+01
   14)  Freq [Hz] = 1.99526231E+01   Total network loss =  3.473950851666E+01
   15)  Freq [Hz] = 2.51188643E+01   Total network loss =  3.710020996125E+01
   16)  Freq [Hz] = 3.16227766E+01   Total network loss =  4.032103738014E+01
   17)  Freq [Hz] = 3.98107171E+01   Total network loss =  4.474552483553E+01
   18)  Freq [Hz] = 5.01187234E+01   Total network loss =  5.084865198802E+01
   19)  Freq [Hz] = 6.30957344E+01   Total network loss =  5.927272515561E+01
   20)  Freq [Hz] = 7.94328235E+01   Total network loss =  7.087300697705E+01
   21)  Freq [Hz] = 1.00000000E+02   Total network loss =  8.681238741665E+01
Comment card.   KOMPAR > 0.                       |C End of $INCLUDE.  File name = xVerifyZ.dat
Comment card.   KOMPAR > 0.                       |C xVerifyP.dat

Begin  line constants (optional declaration).     |LINE CONSTANTS
Request for metric (not English) units.           |METRIC
Line conductor card.  3.160E-01  2.150E-01     4  |  10.316    .215 4           1.724     0.0      8.      8.
Line conductor card.  3.160E-01  2.150E-01     4  |  20.316    .215 4           1.724     1.5      8.      8.
Line conductor card.  3.160E-01  2.150E-01     4  |  30.316    .215 4           1.724     2.3      8.      8.
Blank card terminates  3  line-conductor cards.   |BLANK CARD ENDING CONDUCTOR CARDS
Frequency card.  1.000E+02  1.000E+00  1.000E+02  |    100.       50.                              100.     0           1
     1       1        .31600        .21500        4               .000000      1.72400        0.000        8.000
     2       2        .31600        .21500        4               .000000      1.72400        1.500        8.000
     3       3        .31600        .21500        4               .000000      1.72400        2.300        8.000
Blank card terminating frequency cards.           |BLANK CARD FREQUENCY
    1)  Freq [Hz] = 1.00000000E+00   Total network loss =  3.269653027229E+01
    2)  Freq [Hz] = 1.25892541E+00   Total network loss =  3.281136266891E+01
    3)  Freq [Hz] = 1.58489319E+00   Total network loss =  3.295595496218E+01
    4)  Freq [Hz] = 1.99526231E+00   Total network loss =  3.313804864671E+01
    5)  Freq [Hz] = 2.51188643E+00   Total network loss =  3.336742883759E+01
    6)  Freq [Hz] = 3.16227766E+00   Total network loss =  3.365649512447E+01
    7)  Freq [Hz] = 3.98107171E+00   Total network loss =  3.402102066164E+01
    8)  Freq [Hz] = 5.01187234E+00   Total network loss =  3.448117288604E+01
    9)  Freq [Hz] = 6.30957344E+00   Total network loss =  3.506286795815E+01
   10)  Freq [Hz] = 7.94328235E+00   Total network loss =  3.579944708256E+01
   11)  Freq [Hz] = 1.00000000E+01   Total network loss =  3.673343190590E+01
   12)  Freq [Hz] = 1.25892541E+01   Total network loss =  3.791790886778E+01
   13)  Freq [Hz] = 1.58489319E+01   Total network loss =  3.941758143530E+01
   14)  Freq [Hz] = 1.99526231E+01   Total network loss =  4.131104801871E+01
   15)  Freq [Hz] = 2.51188643E+01   Total network loss =  4.369677899974E+01
   16)  Freq [Hz] = 3.16227766E+01   Total network loss =  4.670406616182E+01
   17)  Freq [Hz] = 3.98107171E+01   Total network loss =  5.050904038016E+01
   18)  Freq [Hz] = 5.01187234E+01   Total network loss =  5.535723663328E+01
   19)  Freq [Hz] = 6.30957344E+01   Total network loss =  6.159860875452E+01
   20)  Freq [Hz] = 7.94328235E+01   Total network loss =  6.974939880188E+01
   21)  Freq [Hz] = 1.00000000E+02   Total network loss =  8.061238009978E+01

                    *******************************************************************************************
                    *                                                                                         *
                    *                  LINE MODEL FREQUENCY SCAN COMPARISON TABLE            11-Nov-18        *
                    *                         ZERO-SEQUENCE IMPEDANCE TEST                                    *
                    *                                                                                         *
                    *******************************************************************************************

                               LINE  MODEL  BEING  TESTED                             EXACT-PI MODEL                       % ERROR
  FREQUENCY  NODE      MAG        ANG        REAL        IMAG          MAG        ANG        REAL       IMAG         PCTMAG  PCTANG

  1.000E+00 GENIA   1.741E+01  6.167E+00   1.731E+01  1.871E+00     2.207E+01  9.339E+00   2.178E+01  3.582E+00      -21.1     -34.
            GENIB   1.971E+01  5.262E+00   1.963E+01  1.807E+00     2.218E+01  1.051E+01   2.181E+01  4.044E+00      -11.1    -49.9
            GENIC   1.855E+01  6.019E+00   1.844E+01  1.945E+00     2.215E+01  1.009E+01   2.180E+01  3.880E+00      -16.3    -40.3

  1.259E+00 GENIA   1.757E+01  8.663E+00   1.737E+01  2.646E+00     2.230E+01  1.154E+01   2.185E+01  4.460E+00      -21.2    -24.9
            GENIB   1.985E+01  7.594E+00   1.967E+01  2.623E+00     2.246E+01  1.295E+01   2.189E+01  5.033E+00      -11.6    -41.4
            GENIC   1.870E+01  8.435E+00   1.850E+01  2.743E+00     2.241E+01  1.245E+01   2.188E+01  4.829E+00      -16.6    -32.2

  1.585E+00 GENIA   1.782E+01  1.173E+01   1.744E+01  3.623E+00     2.263E+01  1.421E+01   2.193E+01  5.553E+00      -21.3    -17.4
            GENIB   2.007E+01  1.048E+01   1.973E+01  3.649E+00     2.287E+01  1.590E+01   2.199E+01  6.264E+00      -12.3    -34.1
            GENIC   1.894E+01  1.141E+01   1.856E+01  3.747E+00     2.279E+01  1.529E+01   2.198E+01  6.010E+00      -16.9    -25.4

  1.995E+00 GENIA   1.820E+01  1.547E+01   1.754E+01  4.853E+00     2.310E+01  1.742E+01   2.204E+01  6.914E+00      -21.2    -11.2
            GENIB   2.041E+01  1.401E+01   1.981E+01  4.941E+00     2.346E+01  1.940E+01   2.213E+01  7.794E+00       -13.    -27.8
            GENIC   1.931E+01  1.505E+01   1.865E+01  5.012E+00     2.334E+01  1.869E+01   2.211E+01  7.479E+00      -17.3    -19.5

  2.512E+00 GENIA   1.878E+01  1.992E+01   1.766E+01  6.400E+00     2.377E+01  2.123E+01   2.216E+01  8.609E+00       -21.    -6.15
            GENIB   2.096E+01  1.826E+01   1.990E+01  6.567E+00     2.432E+01  2.350E+01   2.230E+01  9.695E+00      -13.8    -22.3
            GENIC   1.988E+01  1.940E+01   1.875E+01  6.605E+00     2.414E+01  2.267E+01   2.227E+01  9.304E+00      -17.6    -14.4

  3.162E+00 GENIA   1.967E+01  2.511E+01   1.781E+01  8.348E+00     2.475E+01  2.566E+01   2.231E+01  1.072E+01      -20.5    -2.14
            GENIB   2.180E+01  2.328E+01   2.002E+01  8.615E+00     2.555E+01  2.817E+01   2.252E+01  1.206E+01      -14.7    -17.4
            GENIC   2.076E+01  2.450E+01   1.889E+01  8.609E+00     2.529E+01  2.724E+01   2.248E+01  1.157E+01      -17.9     -10.

  3.981E+00 GENIA   2.100E+01  3.096E+01   1.801E+01  1.080E+01     2.616E+01  3.070E+01   2.249E+01  1.335E+01      -19.7    .8397
            GENIB   2.308E+01  2.901E+01   2.018E+01  1.119E+01     2.729E+01  3.333E+01   2.280E+01  1.499E+01      -15.4    -12.9
            GENIC   2.208E+01  3.028E+01   1.907E+01  1.113E+01     2.692E+01  3.232E+01   2.275E+01  1.439E+01       -18.    -6.31

  5.012E+00 GENIA   2.294E+01  3.726E+01   1.826E+01  1.389E+01     2.815E+01  3.624E+01   2.271E+01  1.664E+01      -18.5    2.818
            GENIB   2.498E+01  3.531E+01   2.038E+01  1.444E+01     2.974E+01  3.881E+01   2.317E+01  1.864E+01       -16.    -9.02
            GENIC   2.402E+01  3.656E+01   1.929E+01  1.431E+01     2.921E+01  3.778E+01   2.308E+01  1.789E+01      -17.8    -3.21

  6.310E+00 GENIA   2.571E+01  4.373E+01   1.858E+01  1.777E+01     3.095E+01  4.211E+01   2.297E+01  2.076E+01      -16.9     3.86
            GENIB   2.773E+01  4.190E+01   2.064E+01  1.852E+01     3.310E+01  4.440E+01   2.365E+01  2.316E+01      -16.2    -5.64
            GENIC   2.681E+01  4.307E+01   1.958E+01  1.831E+01     3.236E+01  4.340E+01   2.351E+01  2.224E+01      -17.2    -.766

  7.943E+00 GENIA   2.957E+01  5.003E+01   1.899E+01  2.266E+01     3.483E+01  4.805E+01   2.328E+01  2.591E+01      -15.1     4.12
            GENIB   3.163E+01  4.843E+01   2.099E+01  2.366E+01     3.763E+01  4.985E+01   2.426E+01  2.876E+01       -16.    -2.85
            GENIC   3.071E+01  4.946E+01   1.996E+01  2.334E+01     3.663E+01  4.896E+01   2.405E+01  2.763E+01      -16.2    1.026

  1.000E+01 GENIA   3.482E+01  5.587E+01   1.954E+01  2.882E+01     4.011E+01  5.380E+01   2.369E+01  3.237E+01      -13.2    3.833
            GENIB   3.698E+01  5.457E+01   2.144E+01  3.013E+01     4.361E+01  5.493E+01   2.505E+01  3.569E+01      -15.2    -.665
            GENIC   3.604E+01  5.542E+01   2.045E+01  2.967E+01     4.230E+01  5.423E+01   2.473E+01  3.432E+01      -14.8    2.199

  1.259E+01 GENIA   4.180E+01  6.102E+01   2.025E+01  3.656E+01     4.716E+01  5.910E+01   2.422E+01  4.047E+01      -11.4    3.258
            GENIB   4.416E+01  6.007E+01   2.203E+01  3.827E+01     5.137E+01  5.952E+01   2.606E+01  4.427E+01       -14.    .9227
            GENIC   4.315E+01  6.072E+01   2.111E+01  3.764E+01     4.970E+01  5.905E+01   2.556E+01  4.262E+01      -13.2    2.832

  1.585E+01 GENIA   5.093E+01  6.541E+01   2.119E+01  4.631E+01     5.642E+01  6.375E+01   2.495E+01  5.060E+01      -9.74    2.603
            GENIB   5.361E+01  6.480E+01   2.283E+01  4.851E+01     6.129E+01  6.355E+01   2.730E+01  5.487E+01      -12.5     1.97
            GENIC   5.249E+01  6.525E+01   2.197E+01  4.767E+01     5.923E+01  6.334E+01   2.658E+01  5.294E+01      -11.4    3.027

  1.995E+01 GENIA   6.272E+01  6.903E+01   2.244E+01  5.857E+01     6.838E+01  6.769E+01   2.596E+01  6.326E+01      -8.28    1.983
            GENIB   6.588E+01  6.873E+01   2.391E+01  6.139E+01     7.385E+01  6.702E+01   2.883E+01  6.799E+01      -10.8    2.544
            GENIC   6.457E+01  6.901E+01   2.313E+01  6.028E+01     7.142E+01  6.706E+01   2.783E+01  6.577E+01      -9.59    2.898

  2.512E+01 GENIA   7.782E+01  7.194E+01   2.413E+01  7.398E+01     8.363E+01  7.092E+01   2.733E+01  7.903E+01      -6.94     1.43
            GENIB   8.164E+01  7.189E+01   2.537E+01  7.760E+01     8.966E+01  6.999E+01   3.068E+01  8.425E+01      -8.95    2.722
            GENIC   8.005E+01  7.203E+01   2.470E+01  7.614E+01     8.688E+01  7.023E+01   2.938E+01  8.176E+01      -7.86    2.553

  3.162E+01 GENIA   9.703E+01  7.420E+01   2.641E+01  9.336E+01     1.029E+02  7.353E+01   2.917E+01  9.865E+01      -5.68    .9199
            GENIB   1.017E+02  7.438E+01   2.739E+01  9.796E+01     1.095E+02  7.251E+01   3.291E+01  1.044E+02      -7.11    2.583
            GENIC   9.976E+01  7.439E+01   2.684E+01  9.608E+01     1.064E+02  7.288E+01   3.132E+01  1.017E+02      -6.24    2.074

  3.981E+01 GENIA   1.214E+02  7.592E+01   2.953E+01  1.177E+02     1.270E+02  7.560E+01   3.159E+01  1.231E+02      -4.47    .4157
            GENIB   1.272E+02  7.628E+01   3.017E+01  1.236E+02     1.344E+02  7.463E+01   3.563E+01  1.296E+02      -5.38    2.209
            GENIC   1.248E+02  7.619E+01   2.979E+01  1.211E+02     1.310E+02  7.505E+01   3.380E+01  1.266E+02      -4.77    1.515

  5.012E+01 GENIA   1.521E+02  7.716E+01   3.382E+01  1.483E+02     1.574E+02  7.724E+01   3.475E+01  1.535E+02      -3.33    -.112
            GENIB   1.594E+02  7.767E+01   3.403E+01  1.557E+02     1.657E+02  7.639E+01   3.899E+01  1.611E+02      -3.83    1.674
            GENIC   1.564E+02  7.750E+01   3.385E+01  1.526E+02     1.619E+02  7.680E+01   3.697E+01  1.577E+02      -3.44    .9058

  6.310E+01 GENIA   1.910E+02  7.800E+01   3.970E+01  1.868E+02     1.955E+02  7.853E+01   3.887E+01  1.916E+02      -2.29    -.673
            GENIB   2.001E+02  7.865E+01   3.939E+01  1.962E+02     2.052E+02  7.784E+01   4.324E+01  2.006E+02      -2.49    1.043
            GENIC   1.963E+02  7.840E+01   3.946E+01  1.923E+02     2.009E+02  7.820E+01   4.109E+01  1.966E+02       -2.3    .2636

  7.943E+01 GENIA   2.402E+02  7.852E+01   4.778E+01  2.354E+02     2.436E+02  7.953E+01   4.427E+01  2.395E+02       -1.4    -1.26
            GENIB   2.516E+02  7.928E+01   4.678E+01  2.472E+02     2.552E+02  7.899E+01   4.873E+01  2.505E+02       -1.4    .3713
            GENIC   2.468E+02  7.898E+01   4.718E+01  2.422E+02     2.501E+02  7.929E+01   4.650E+01  2.458E+02      -1.34     -.39

  1.000E+02 GENIA   3.027E+02  7.879E+01   5.885E+01  2.970E+02     3.048E+02  8.027E+01   5.149E+01  3.004E+02      -.677    -1.85
            GENIB   3.172E+02  7.965E+01   5.697E+01  3.120E+02     3.189E+02  7.988E+01   5.601E+01  3.140E+02      -.552    -.293
            GENIC   3.111E+02  7.929E+01   5.780E+01  3.057E+02     3.129E+02  8.012E+01   5.372E+01  3.083E+02      -.592    -1.03

Blank card terminating all plot cards.            |BLANK CARD PLOT

Actual List Sizes for the preceding solution follow.       11-Nov-18  11.00.00
   Size  1-10:    10     9    12     3 -9999     0 -9999 -9999     0     0
   Size 11-20:     0    30 -9999 -9999 -9999     0     0     0    23   253
   Size 21-30:     9 -9999    21 -9999 -9999     9 -9999 -9999 -9999     0
Seconds for overlays  1-5  :     0.000     0.000     0.000  -- (CP: Wait; Real)
Seconds for overlays  6-11 :     0.000     0.000     0.000
Seconds for overlays 12-15 :     0.000     0.000     0.000
Seconds for time-step loop :     0.000     0.000     0.000
Seconds after DELTAT-loop  :     0.000     0.000     0.000
                               ---------------------------
                   Totals  :     0.000     0.000     0.000

   ---   18   cards of disk file read into card cache cells  1   onward.
   --- Pass 1.   Card = 7.   Ready to open $INCLUDE = E:\Users\Amauri\Documents\UnB\_Projetos\AdvLCC\JMTest.pch                     
   --- Pass 1.   Card = 69.   Ready to open $INCLUDE = E:\Users\Amauri\Documents\UnB\_Projetos\AdvLCC\xVerifyP.dat                  
Alternative Transients Program (ATP),  F77 GNU Linux or DOS.  All rights reserved by Can/Am user group of Portland, Oregon, USA.
 Date (dd-mth-yy) and time of day (hh.mm.ss) = 11-Nov-18  11.00.00    Name of disk plot file, if any, is
Consult the 860-page ATP Rule Book of the Can/Am EMTP User Group in Portland,  Oregon, USA.  Source code date is
Total size of LABCOM tables = 414354785 INTEGER words.  31 VARDIM  List Sizes follow:  6002  10K  192K  900  420K  1200  15K
 99999K  2250  3800  720  2K 72800  510  800K  800  90  254  800K  100K 99999  15K  192K  120  45K  260K  600  210K  1100  19 99999
--------------------------------------------------+--------------------------------------------------------------------------------
Descriptive interpretation of input data cards.   |  Input data card images are shown below, all 80 columns, character by character
                                                  0         1         2         3         4         5         6         7         8
                                                  012345678901234567890123456789012345678901234567890123456789012345678901234567890
--------------------------------------------------+--------------------------------------------------------------------------------
Comment card.   KOMPAR > 0.                       |C data:  Pass 2 of LMFS begins.  No new input data can be documented, however.
Marker card preceding new EMTP data case.         |BEGIN NEW DATA CASE
LMF scan   1.000E+00   0.000E+00   1.000E+02   10 |LINE MODEL FREQUENCY SCAN,         1., ,    100.,       10, , ,
Misc. data.     1.667E-04  -1.000E+00   0.000E+00 |1.667E-4    -1.0
Misc. data.      1    1  0  0  0  0  0  1  0  0   |       1       1                                               1
Comment card.   KOMPAR > 0.                       |C $PREFIX, E:\Users\Amauri\Documents\UnB\_Projetos\AdvLCC\
Comment card.   KOMPAR > 0.                       |C $INCLUDE, JMTest.pch
Comment card.   KOMPAR > 0.                       |C  <++++++>  Cards punched by support routine on  11-Nov-18  11.00.00  <++++++>
Comment card.   KOMPAR > 0.                       |C     ***** UNTRANSPOSED JMARTI line segment ******
Comment card.   KOMPAR > 0.                       |C JMARTI SETUP
Comment card.   KOMPAR > 0.                       |C $ERASE
Comment card.   KOMPAR > 0.                       |C BRANCH  IN_001OUT001IN_002OUT002IN_003OUT003
Comment card.   KOMPAR > 0.                       |C LINE CONSTANTS
Comment card.   KOMPAR > 0.                       |C METRIC
Comment card.   KOMPAR > 0.                       |C   10.316    .215 4           1.724     0.0      8.      8.
Comment card.   KOMPAR > 0.                       |C   20.316    .215 4           1.724     1.5      8.      8.
Comment card.   KOMPAR > 0.                       |C   30.316    .215 4           1.724     2.3      8.      8.
Comment card.   KOMPAR > 0.                       |C BLANK CARD ENDING CONDUCTOR CARDS
Comment card.   KOMPAR > 0.                       |C     100.      100.                              100.                 1-9
Comment card.   KOMPAR > 0.                       |C     100.       50.                              100.                 1-9
Comment card.   KOMPAR > 0.                       |C     100.       50.                              100.         2 10    1-9
Comment card.   KOMPAR > 0.                       |C BLANK CARD ENDING FREQUENCY CARDS
Comment card.   KOMPAR > 0.                       |C BLANK CARD ENDING LINE CONSTANT
Comment card.   KOMPAR > 0.                       |C DEFAULT
J. Marti line, mode  1   parameters begin.        |-1IN_001OUT001                2.  0.00              -2 3
J. Marti line, mode  2   parameters begin.        |-2IN_002OUT002                2.  0.00              -2 3
J. Marti line, mode  3   parameters begin.        |-3IN_003OUT003                2.  0.00              -2 3
TR(1,1 )...  0.636-0.799-0.167                    |  0.63571432 -0.79862947 -0.16656538
TI(1,1 )...  0.000 0.005-0.002                    |  0.00000000  0.00527262 -0.00169655
TR(2,1 )...  0.514 0.256 0.775                    |  0.51434245  0.25618710  0.77536401
TI(2,1 )...  0.041-0.008-0.019                    |  0.04084005 -0.00756752 -0.01873243
TR(3,1 )...  0.574 0.544-0.609                    |  0.57394981  0.54430362 -0.60883985
TI(3,1 )...  0.015-0.014 0.005                    |  0.01525968 -0.01440995  0.00518395
Comment card.   KOMPAR > 0.                       |C End of $INCLUDE.  File name = JMTest.pch
Comment card.   KOMPAR > 0.                       |C $INCLUDE, xVerifyP.dat, IN_001, IN_002, IN_003, OUT001, OUT002, OUT003
Series R-L-C.   1.000E-03  0.000E+00  0.000E+00   |  IN_001GENIA              0.001
Series R-L-C.   1.000E-03  0.000E+00  0.000E+00   |  IN_002GENIB              0.001
Series R-L-C.   1.000E-03  0.000E+00  0.000E+00   |  IN_003GENIC              0.001
Series R-L-C.   1.000E-03  0.000E+00  0.000E+00   |  OUT001                   0.001
Series R-L-C.   1.000E-03  0.000E+00  0.000E+00   |  OUT002                   0.001
Series R-L-C.   1.000E-03  0.000E+00  0.000E+00   |  OUT003                   0.001
Blank card ending branches.  IBR, NTOT = 9  10    |BLANK BRANCH
Blank card ending switches.   KSWTCH = 0.         |BLANK SWITCH
Source.   1.00E+00  5.00E+01  0.00E+00 -1.00E+00  |14GENIA -1       1.0       50.       0.0                          -1.0
Source.   1.00E+00  5.00E+01 -1.20E+02 -1.00E+00  |14GENIB -1       1.0       50.     -120.                          -1.0
Source.   1.00E+00  5.00E+01 -2.40E+02 -1.00E+00  |14GENIC -1       1.0       50.     -240.                          -1.0
Blank card ends electric sources.  KCONST = 3     |BLANK SOURCE
    1)  Freq [Hz] = 1.00000000E+00   Total network loss =  1.680229559355E+01
Card of bus names for node voltage output.        |  GENIA GENIB GENIC
Blank card ending node names for voltage output.  |BLANK OUTPUT
    2)  Freq [Hz] = 1.25892541E+00   Total network loss =  1.679392908056E+01
    3)  Freq [Hz] = 1.58489319E+00   Total network loss =  1.678359458793E+01
    4)  Freq [Hz] = 1.99526231E+00   Total network loss =  1.677089839568E+01
    5)  Freq [Hz] = 2.51188643E+00   Total network loss =  1.675541230333E+01
    6)  Freq [Hz] = 3.16227766E+00   Total network loss =  1.673670367165E+01
    7)  Freq [Hz] = 3.98107171E+00   Total network loss =  1.671439524908E+01
    8)  Freq [Hz] = 5.01187234E+00   Total network loss =  1.668827414068E+01
    9)  Freq [Hz] = 6.30957344E+00   Total network loss =  1.665847924313E+01
   10)  Freq [Hz] = 7.94328235E+00   Total network loss =  1.662580919507E+01
   11)  Freq [Hz] = 1.00000000E+01   Total network loss =  1.659220545159E+01
   12)  Freq [Hz] = 1.25892541E+01   Total network loss =  1.656146713167E+01
   13)  Freq [Hz] = 1.58489319E+01   Total network loss =  1.654021843371E+01
   14)  Freq [Hz] = 1.99526231E+01   Total network loss =  1.653901639521E+01
   15)  Freq [Hz] = 2.51188643E+01   Total network loss =  1.657315869323E+01
   16)  Freq [Hz] = 3.16227766E+01   Total network loss =  1.666215286838E+01
   17)  Freq [Hz] = 3.98107171E+01   Total network loss =  1.682615836595E+01
   18)  Freq [Hz] = 5.01187234E+01   Total network loss =  1.707806941076E+01
   19)  Freq [Hz] = 6.30957344E+01   Total network loss =  1.741319334268E+01
   20)  Freq [Hz] = 7.94328235E+01   Total network loss =  1.780474968644E+01
   21)  Freq [Hz] = 1.00000000E+02   Total network loss =  1.821627422140E+01
Comment card.   KOMPAR > 0.                       |C End of $INCLUDE.  File name = xVerifyP.dat
Comment card.   KOMPAR > 0.                       |C xVerifyP.dat
Skip another card of  CABLE  or  LINE CONSTANTS.  |LINE CONSTANTS
Skip another card of  CABLE  or  LINE CONSTANTS.  |METRIC
Skip another card of  CABLE  or  LINE CONSTANTS.  |  10.316    .215 4           1.724     0.0      8.      8.
Skip another card of  CABLE  or  LINE CONSTANTS.  |  20.316    .215 4           1.724     1.5      8.      8.
Skip another card of  CABLE  or  LINE CONSTANTS.  |  30.316    .215 4           1.724     2.3      8.      8.
Blank card terminates LINE CONST conductor cards  |BLANK CARD ENDING CONDUCTOR CARDS
Skip another card of  CABLE  or  LINE CONSTANTS.  |    100.       50.                              100.     0           1
Blank card terminates  LINE  or  CABLE CONSTANTS  |BLANK CARD FREQUENCY
    1)  Freq [Hz] = 1.00000000E+00   Total network loss =  3.225360274859E+01
    2)  Freq [Hz] = 1.25892541E+00   Total network loss =  3.225392620775E+01
    3)  Freq [Hz] = 1.58489319E+00   Total network loss =  3.225442087951E+01
    4)  Freq [Hz] = 1.99526231E+00   Total network loss =  3.225517378018E+01
    5)  Freq [Hz] = 2.51188643E+00   Total network loss =  3.225631090335E+01
    6)  Freq [Hz] = 3.16227766E+00   Total network loss =  3.225800749512E+01
    7)  Freq [Hz] = 3.98107171E+00   Total network loss =  3.226049153245E+01
    8)  Freq [Hz] = 5.01187234E+00   Total network loss =  3.226402728895E+01
    9)  Freq [Hz] = 6.30957344E+00   Total network loss =  3.226886167071E+01
   10)  Freq [Hz] = 7.94328235E+00   Total network loss =  3.227513290565E+01
   11)  Freq [Hz] = 1.00000000E+01   Total network loss =  3.228281097520E+01
   12)  Freq [Hz] = 1.25892541E+01   Total network loss =  3.229185083321E+01
   13)  Freq [Hz] = 1.58489319E+01   Total network loss =  3.230273491957E+01
   14)  Freq [Hz] = 1.99526231E+01   Total network loss =  3.231729470113E+01
   15)  Freq [Hz] = 2.51188643E+01   Total network loss =  3.233944186849E+01
   16)  Freq [Hz] = 3.16227766E+01   Total network loss =  3.237571382144E+01
   17)  Freq [Hz] = 3.98107171E+01   Total network loss =  3.243605534967E+01
   18)  Freq [Hz] = 5.01187234E+01   Total network loss =  3.253549283018E+01
   19)  Freq [Hz] = 6.30957344E+01   Total network loss =  3.269742055519E+01
   20)  Freq [Hz] = 7.94328235E+01   Total network loss =  3.295946347916E+01
   21)  Freq [Hz] = 1.00000000E+02   Total network loss =  3.338375774816E+01

                    *******************************************************************************************
                    *                                                                                         *
                    *                  LINE MODEL FREQUENCY SCAN COMPARISON TABLE            11-Nov-18        *
                    *                       POSITIVE-SEQUENCE IMPEDANCE TEST                                  *
                    *                                                                                         *
                    *******************************************************************************************

                               LINE  MODEL  BEING  TESTED                             EXACT-PI MODEL                       % ERROR
  FREQUENCY  NODE      MAG        ANG        REAL        IMAG          MAG        ANG        REAL       IMAG         PCTMAG  PCTANG

  1.000E+00 GENIA   1.055E+01  4.372E+00   1.052E+01  8.046E-01     2.158E+01  1.645E+00   2.157E+01  6.196E-01      -51.1    165.8
            GENIB   1.192E+01 -1.164E+02  -5.300E+00 -1.067E+01     2.166E+01 -1.181E+02  -1.021E+01 -1.910E+01       -45.    -1.46
            GENIC   1.132E+01  1.286E+02  -7.065E+00  8.839E+00     2.130E+01  1.219E+02  -1.124E+01  1.809E+01      -46.9    5.566

  1.259E+00 GENIA   1.058E+01  5.420E+00   1.053E+01  9.994E-01     2.160E+01  2.073E+00   2.159E+01  7.815E-01       -51.    161.4
            GENIB   1.194E+01 -1.155E+02  -5.147E+00 -1.077E+01     2.170E+01 -1.177E+02  -1.007E+01 -1.922E+01       -45.     -1.8
            GENIC   1.131E+01  1.296E+02  -7.204E+00  8.717E+00     2.126E+01  1.223E+02  -1.137E+01  1.796E+01      -46.8    5.908

  1.585E+00 GENIA   1.062E+01  6.730E+00   1.055E+01  1.245E+00     2.163E+01  2.613E+00   2.160E+01  9.859E-01      -50.9    157.6
            GENIB   1.197E+01 -1.145E+02  -4.955E+00 -1.090E+01     2.175E+01 -1.171E+02  -9.901E+00 -1.937E+01       -45.    -2.24
            GENIC   1.130E+01  1.307E+02  -7.379E+00  8.564E+00     2.121E+01  1.230E+02  -1.154E+01  1.779E+01      -46.7    6.331

  1.995E+00 GENIA   1.068E+01  8.365E+00   1.056E+01  1.553E+00     2.166E+01  3.292E+00   2.163E+01  1.244E+00      -50.7    154.1
            GENIB   1.202E+01 -1.131E+02  -4.713E+00 -1.105E+01     2.183E+01 -1.163E+02  -9.687E+00 -1.956E+01       -45.     -2.8
            GENIC   1.131E+01  1.322E+02  -7.599E+00  8.372E+00     2.115E+01  1.238E+02  -1.175E+01  1.758E+01      -46.5    6.852

  2.512E+00 GENIA   1.076E+01  1.040E+01   1.058E+01  1.942E+00     2.171E+01  4.146E+00   2.165E+01  1.569E+00      -50.4    150.8
            GENIB   1.208E+01 -1.114E+02  -4.408E+00 -1.125E+01     2.193E+01 -1.154E+02  -9.421E+00 -1.980E+01      -44.9    -3.51
            GENIC   1.132E+01  1.341E+02  -7.877E+00  8.130E+00     2.108E+01  1.248E+02  -1.202E+01  1.732E+01      -46.3    7.488

  3.162E+00 GENIA   1.089E+01  1.290E+01   1.061E+01  2.431E+00     2.177E+01  5.220E+00   2.168E+01  1.981E+00       -50.    147.2
            GENIB   1.218E+01 -1.093E+02  -4.025E+00 -1.150E+01     2.206E+01 -1.143E+02  -9.089E+00 -2.010E+01      -44.8    -4.41
            GENIC   1.135E+01  1.364E+02  -8.226E+00  7.825E+00     2.101E+01  1.260E+02  -1.236E+01  1.699E+01       -46.    8.254

  3.981E+00 GENIA   1.107E+01  1.597E+01   1.065E+01  3.047E+00     2.185E+01  6.573E+00   2.170E+01  2.501E+00      -49.3     143.
            GENIB   1.234E+01 -1.067E+02  -3.543E+00 -1.182E+01     2.223E+01 -1.130E+02  -8.677E+00 -2.047E+01      -44.5    -5.56
            GENIC   1.142E+01  1.393E+02  -8.667E+00  7.443E+00     2.094E+01  1.277E+02  -1.279E+01  1.658E+01      -45.4     9.16

  5.012E+00 GENIA   1.135E+01  1.967E+01   1.069E+01  3.822E+00     2.196E+01  8.273E+00   2.173E+01  3.160E+00      -48.3    137.8
            GENIB   1.256E+01 -1.035E+02  -2.937E+00 -1.221E+01     2.246E+01 -1.113E+02  -8.165E+00 -2.093E+01      -44.1      -7.
            GENIC   1.155E+01  1.429E+02  -9.222E+00  6.963E+00     2.089E+01  1.297E+02  -1.334E+01  1.607E+01      -44.7     10.2

  6.310E+00 GENIA   1.177E+01  2.405E+01   1.075E+01  4.797E+00     2.213E+01  1.041E+01   2.176E+01  3.997E+00      -46.8    131.1
            GENIB   1.290E+01 -9.971E+01  -2.175E+00 -1.272E+01     2.278E+01 -1.093E+02  -7.530E+00 -2.149E+01      -43.4    -8.78
            GENIC   1.178E+01  1.473E+02  -9.921E+00  6.360E+00     2.087E+01  1.323E+02  -1.405E+01  1.544E+01      -43.5    11.36

  7.943E+00 GENIA   1.239E+01  2.910E+01   1.082E+01  6.025E+00     2.237E+01  1.308E+01   2.179E+01  5.063E+00      -44.6    122.5
            GENIB   1.341E+01 -9.522E+01  -1.219E+00 -1.335E+01     2.319E+01 -1.069E+02  -6.739E+00 -2.219E+01      -42.2    -10.9
            GENIC   1.217E+01  1.526E+02  -1.080E+01  5.604E+00     2.094E+01  1.356E+02  -1.495E+01  1.466E+01      -41.9    12.55

  1.000E+01 GENIA   1.329E+01  3.472E+01   1.092E+01  7.570E+00     2.275E+01  1.640E+01   2.182E+01  6.422E+00      -41.6    111.8
            GENIB   1.416E+01 -9.008E+01  -1.880E-02 -1.416E+01     2.375E+01 -1.040E+02  -5.750E+00 -2.305E+01      -40.4    -13.4
            GENIC   1.279E+01  1.587E+02  -1.191E+01  4.657E+00     2.113E+01  1.396E+02  -1.609E+01  1.370E+01      -39.5    13.66

  1.259E+01 GENIA   1.458E+01  4.071E+01   1.106E+01  9.512E+00     2.334E+01  2.046E+01   2.186E+01  8.158E+00      -37.5    98.95
            GENIB   1.525E+01 -8.441E+01   1.486E+00 -1.518E+01     2.451E+01 -1.006E+02  -4.507E+00 -2.409E+01      -37.8    -16.1
            GENIC   1.376E+01  1.654E+02  -1.332E+01  3.473E+00     2.153E+01  1.444E+02  -1.751E+01  1.252E+01      -36.1    14.51

  1.585E+01 GENIA   1.640E+01  4.678E+01   1.123E+01  1.195E+01     2.425E+01  2.532E+01   2.192E+01  1.037E+01      -32.4    84.75
            GENIB   1.681E+01 -7.844E+01   3.370E+00 -1.647E+01     2.554E+01 -9.660E+01  -2.936E+00 -2.537E+01      -34.2    -18.8
            GENIC   1.521E+01  1.725E+02  -1.508E+01  1.994E+00     2.225E+01  1.502E+02  -1.930E+01  1.107E+01      -31.6    14.86

  1.995E+01 GENIA   1.890E+01  5.263E+01   1.147E+01  1.502E+01     2.567E+01  3.093E+01   2.202E+01  1.319E+01      -26.4    70.13
            GENIB   1.899E+01 -7.246E+01   5.725E+00 -1.811E+01     2.697E+01 -9.200E+01  -9.406E-01 -2.696E+01      -29.6    -21.2
            GENIC   1.731E+01  1.795E+02  -1.731E+01  1.504E-01     2.344E+01  1.567E+02  -2.153E+01  9.280E+00      -26.2    14.57

  2.512E+01 GENIA   2.225E+01  5.799E+01   1.179E+01  1.887E+01     2.780E+01  3.713E+01   2.216E+01  1.678E+01       -20.    56.17
            GENIB   2.197E+01 -6.678E+01   8.663E+00 -2.019E+01     2.897E+01 -8.684E+01   1.596E+00 -2.893E+01      -24.2    -23.1
            GENIC   2.022E+01 -1.739E+02  -2.011E+01 -2.143E+00     2.531E+01  1.638E+02  -2.431E+01  7.050E+00      -20.1    -206.

  3.162E+01 GENIA   2.666E+01  6.269E+01   1.223E+01  2.369E+01     3.093E+01  4.362E+01   2.239E+01  2.134E+01      -13.8    43.72
            GENIB   2.594E+01 -6.164E+01   1.232E+01 -2.282E+01     3.177E+01 -8.127E+01   4.823E+00 -3.140E+01      -18.4    -24.1
            GENIC   2.415E+01 -1.681E+02  -2.362E+01 -4.994E+00     2.810E+01  1.713E+02  -2.777E+01  4.269E+00      -14.1    -198.

  3.981E+01 GENIA   3.237E+01  6.668E+01   1.281E+01  2.972E+01     3.536E+01  5.004E+01   2.271E+01  2.710E+01      -8.47    33.26
            GENIB   3.112E+01 -5.719E+01   1.686E+01 -2.615E+01     3.564E+01 -7.550E+01   8.926E+00 -3.451E+01      -12.7    -24.3
            GENIC   2.930E+01 -1.631E+02  -2.803E+01 -8.534E+00     3.213E+01  1.786E+02  -3.212E+01  7.863E-01      -8.79    -191.

  5.012E+01 GENIA   3.966E+01  6.999E+01   1.357E+01  3.727E+01     4.148E+01  5.604E+01   2.317E+01  3.440E+01      -4.37     24.9
            GENIB   3.778E+01 -5.343E+01   2.251E+01 -3.034E+01     4.096E+01 -6.981E+01   1.414E+01 -3.844E+01      -7.77    -23.5
            GENIC   3.595E+01 -1.589E+02  -3.354E+01 -1.294E+01     3.774E+01 -1.745E+02  -3.757E+01 -3.589E+00      -4.75    -8.96

  6.310E+01 GENIA   4.893E+01  7.270E+01   1.455E+01  4.672E+01     4.972E+01  6.138E+01   2.381E+01  4.364E+01      -1.58    18.44
            GENIB   4.626E+01 -5.031E+01   2.954E+01 -3.559E+01     4.815E+01 -6.445E+01   2.077E+01 -4.344E+01      -3.94    -21.9
            GENIC   4.444E+01 -1.555E+02  -4.042E+01 -1.846E+01     4.538E+01 -1.684E+02  -4.445E+01 -9.105E+00      -2.06     -7.7

  7.943E+01 GENIA   6.068E+01  7.493E+01   1.578E+01  5.859E+01     6.063E+01  6.596E+01   2.470E+01  5.537E+01      .0806     13.6
            GENIB   5.701E+01 -4.770E+01   3.837E+01 -4.217E+01     5.776E+01 -5.963E+01   2.920E+01 -4.983E+01      -1.29     -20.
            GENIC   5.524E+01 -1.526E+02  -4.904E+01 -2.543E+01     5.556E+01 -1.632E+02  -5.318E+01 -1.608E+01      -.573    -6.49

  1.000E+02 GENIA   7.563E+01  7.678E+01   1.730E+01  7.362E+01     7.495E+01  6.977E+01   2.591E+01  7.033E+01      .9061    10.04
            GENIB   7.071E+01 -4.551E+01   4.955E+01 -5.044E+01     7.047E+01 -5.546E+01   3.995E+01 -5.805E+01      .3303    -17.9
            GENIC   6.904E+01 -1.502E+02  -5.990E+01 -3.432E+01     6.899E+01 -1.588E+02  -6.433E+01 -2.495E+01      .0634    -5.42

Blank card terminating all plot cards.            |BLANK CARD PLOT

Actual List Sizes for the preceding solution follow.       11-Nov-18  11.00.00
   Size  1-10:    10     9    12     3 -9999     0 -9999 -9999     0     0
   Size 11-20:     0    30 -9999 -9999 -9999     0     0     0    23   253
   Size 21-30:     9 -9999    21 -9999 -9999     9 -9999 -9999 -9999     0
Seconds for overlays  1-5  :     0.000     0.000     0.000  -- (CP: Wait; Real)
Seconds for overlays  6-11 :     0.000     0.000     0.000
Seconds for overlays 12-15 :     0.000     0.000     0.000
Seconds for time-step loop :     0.000     0.000     0.000
Seconds after DELTAT-loop  :     0.000     0.000     0.000
                               ---------------------------
                   Totals  :     0.000     0.000     0.000

