   ---   20   cards of disk file read into card cache cells  1   onward.
Alternative Transients Program (ATP),  F77 GNU Linux or DOS.  All rights reserved by Can/Am user group of Portland, Oregon, USA.
 Date (dd-mth-yy) and time of day (hh.mm.ss) = 11-Nov-18  11.00.00    Name of disk plot file, if any, is
Consult the 860-page ATP Rule Book of the Can/Am EMTP User Group in Portland,  Oregon, USA.  Source code date is
Total size of LABCOM tables = 414354785 INTEGER words.  31 VARDIM  List Sizes follow:  6002  10K  192K  900  420K  1200  15K
 99999K  2250  3800  720  2K 72800  510  800K  800  90  254  800K  100K 99999  15K  192K  120  45K  260K  600  210K  1100  19 99999
--------------------------------------------------+--------------------------------------------------------------------------------
Descriptive interpretation of input data cards.   |  Input data card images are shown below, all 80 columns, character by character
                                                  0         1         2         3         4         5         6         7         8
                                                  012345678901234567890123456789012345678901234567890123456789012345678901234567890
--------------------------------------------------+--------------------------------------------------------------------------------
Comment card.   KOMPAR > 0.                       |C data:PipNG.dat
Marker card preceding new EMTP data case.         |BEGIN NEW DATA CASE
Akihiro Ametani`s old code.  Limits =   31   63   |CABLE CONSTANTS
Prof. Akihiro Ametani`s 1994 code.   Order = 45   |CABLE PARAMETERS
Pairs of A6 terminal node names for each phase.   |BRANCH  IN_001OUT001IN_002OUT002IN_003OUT003IN_004OUT004
Misc.   2   1   4   0   0   1   0   0   0   0   0 |    2    1    4              1              0    0    0
Cable conductor numbers.  1 1 1 1                 |    1    1    1    1
Radii.    .00   .01   .01                         |    .00463    .01257    .01257
Physical constants for conductors & insulators.   | 7.1221E-8        1.        1.        1.
Radii.    .00   .01   .01                         |    .00463    .01257    .01257
Physical constants for conductors & insulators.   | 7.1221E-8        1.        1.        1.
Radii.    .00   .01   .01                         |    .00463    .01257    .01257
Physical constants for conductors & insulators.   | 7.1221E-8        1.        1.        1.
Radii.    .12   .13   .23                         |     .1245      .127      .227
Physical constants for conductors & insulators.   |   2.84E-7      250.        1.        3.
(Y,X)  1.350E+01 -6.600E+00  1.350E+01  0.000E+00 |      13.5      -6.6      13.5       0.0      13.5       6.6        1.       10.
Frequency card 1.000E+02 1.000E+06  0  1 2.00E+02 |           100.           1.E6              200.         1
         4 -phase SC cable with 4  conductors.  0  grounded.  Total # of conductors = 4
           Overhead cable
           Cable constants
           Phase 1  Boundary radii ;
            1  4.63000E-03  2  1.25700E-02  3  1.26700E-02
                   Resistivity(Ohm-m): Core 7.12210000E-08, Sheath 1.00000000E-08, Armor 1.00000000E-08
                   Relative permeability;  1.00000000E+00, 1.00000000E+00, 1.00000000E+00
                   Insulator:  1; (Relative) Permeability  1.0   Permittivity  1.00   Velocity(m/s) 2.99793E+08
                   DC resistance(Ohm/m),      1.66000E-04
           Phase 2  Boundary radii ;
            1  4.63000E-03  2  1.25700E-02  3  1.26700E-02
                   Resistivity(Ohm-m): Core 7.12210000E-08, Sheath 1.00000000E-08, Armor 1.00000000E-08
                   Relative permeability;  1.00000000E+00, 1.00000000E+00, 1.00000000E+00
                   Insulator:  1; (Relative) Permeability  1.0   Permittivity  1.00   Velocity(m/s) 2.99793E+08
                   DC resistance(Ohm/m),      1.66000E-04
           Phase 3  Boundary radii ;
            1  4.63000E-03  2  1.25700E-02  3  1.26700E-02
                   Resistivity(Ohm-m): Core 7.12210000E-08, Sheath 1.00000000E-08, Armor 1.00000000E-08
                   Relative permeability;  1.00000000E+00, 1.00000000E+00, 1.00000000E+00
                   Insulator:  1; (Relative) Permeability  1.0   Permittivity  1.00   Velocity(m/s) 2.99793E+08
                   DC resistance(Ohm/m),      1.66000E-04
           Phase 4  Boundary radii ;
            1  1.24500E-01  2  1.27000E-01  3  2.27000E-01
                   Resistivity(Ohm-m): Core 2.84000000E-07, Sheath 1.00000000E-08, Armor 1.00000000E-08
                   Relative permeability;  2.50000000E+02, 1.00000000E+00, 1.00000000E+00
                   Insulator:  1; (Relative) Permeability  1.0   Permittivity  3.00   Velocity(m/s) 1.73085E+08
                   DC resistance(Ohm/m),      1.43777E-04
           Distance from Earth surface ;      1  13.5000    2  13.5000    3  13.5000    4   1.0000
           Distance between phases     :        -6.6000         .0000        6.6000       10.0000
           Earth ; resistivity 1.00000000E+02
       Punched cards:  1) pi-circuit (IPUNCH=1) or distributed line (IPUNCH=2);
          IPUNCH = 1      Total length = 2.00000000E+02
           Frequency 1.00000000E+06  Hz

             Earth impedance [Ze] in Ohm/m
  1.94861E-01  1.87353E-01  1.67937E-01  1.91080E-01
  2.30385E-01  2.18296E-01  1.88370E-01  1.94760E-01  Core 1
 
  1.87353E-01  1.94861E-01  1.87353E-01  2.54863E-01
  2.18296E-01  2.30385E-01  2.18296E-01  2.96921E-01  Core 2
 
  1.67937E-01  1.87353E-01  1.94861E-01  3.04757E-01
  1.88370E-01  2.18296E-01  2.30385E-01  3.96836E-01  Core 3
 
  1.91080E-01  2.54863E-01  3.04757E-01  7.56951E-01
  1.94760E-01  2.96921E-01  3.96836E-01  1.79753E+00  Core 4

             Conductor internal impedance [Zi] in Ohm/m
  6.74981E-03  0.00000E+00  0.00000E+00  0.00000E+00
  1.66712E-02  0.00000E+00  0.00000E+00  0.00000E+00  Core 1
 
  0.00000E+00  6.74981E-03  0.00000E+00  0.00000E+00
  0.00000E+00  1.66712E-02  0.00000E+00  0.00000E+00  Core 2
 
  0.00000E+00  0.00000E+00  6.74981E-03  0.00000E+00
  0.00000E+00  0.00000E+00  1.66712E-02  0.00000E+00  Core 3
 
  0.00000E+00  0.00000E+00  0.00000E+00  2.09824E-02
  0.00000E+00  0.00000E+00  0.00000E+00  7.50789E-01  Core 4

            Total impedance [Zt] in Ohm/m
  2.01610E-01  1.87353E-01  1.67937E-01  1.91080E-01
  9.87837E+00  2.02507E+00  1.22230E+00  2.68796E-01  Core 1
 
  1.87353E-01  2.01610E-01  1.87353E-01  2.54863E-01
  2.02507E+00  9.87837E+00  2.02507E+00  4.17072E-01  Core 2
 
  1.67937E-01  1.87353E-01  2.01610E-01  3.04757E-01
  1.22230E+00  2.02507E+00  9.87837E+00  5.72130E-01  Core 3
 
  1.91080E-01  2.54863E-01  3.04757E-01  7.77933E-01
  2.68796E-01  4.17072E-01  5.72130E-01  5.28271E+00  Core 4

            Total admittance [Yt] in mho/m
  0.00000E+00  0.00000E+00  0.00000E+00  0.00000E+00
  4.74863E-05 -8.22777E-06 -3.53892E-06 -6.40363E-07  Core 1
 
  0.00000E+00  0.00000E+00  0.00000E+00  0.00000E+00
 -8.22777E-06  4.86569E-05 -8.21276E-06 -1.27528E-06  Core 2
 
  0.00000E+00  0.00000E+00  0.00000E+00  0.00000E+00
 -3.53892E-06 -8.21276E-06  4.75219E-05 -2.37822E-06  Core 3
 
  0.00000E+00  0.00000E+00  0.00000E+00  0.00000E+00
 -6.40363E-07 -1.27528E-06 -2.37822E-06  1.47725E-04  Core 4

Blank card terminating frequency cards.           |BLANK CARD ENDING FREQUENCY CARDS
Request for flushing of punch buffer.             |$PUNCH

A listing of 80-column card images now being flushed from punch buffer follows.
===============================================================================
1234567890123456789012345678901234567890123456789012345678901234567890123456789
===============================================================================
C  <++++++>  Cards punched by support routine on  11-Nov-18  11.00.00  <++++++>
C CABLE CONSTANTS
C CABLE PARAMETERS
C BRANCH  IN_001OUT001IN_002OUT002IN_003OUT003IN_004OUT004
C     2    1    4              1              0    0    0
C     1    1    1    1
C     .00463    .01257    .01257
C  7.1221E-8        1.        1.        1.
C     .00463    .01257    .01257
C  7.1221E-8        1.        1.        1.
C     .00463    .01257    .01257
C  7.1221E-8        1.        1.        1.
C      .1245      .127      .227
C    2.84E-7      250.        1.        3.
C       13.5      -6.6      13.5       0.0      13.5       6.6        1.       1
C            100.           1.E6              200.         1
$UNITS, 0.0, 0.0
$VINTAGE, 1
C  Pi-equivalent model with length =  2.0000E+02 (meter)
 1IN_001OUT001              4.03220742E+01  3.14438260E-01  1.51153717E-03
 2IN_002OUT002              3.74705180E+01  6.44599725E-02 -2.61897941E-04
                            4.03220742E+01  3.14438260E-01  1.54879637E-03
 3IN_003OUT003              3.35873344E+01  3.89071093E-02 -1.12647381E-04
                            3.74705180E+01  6.44599725E-02 -2.61420396E-04
                            4.03220742E+01  3.14438260E-01  1.51266752E-03
 4IN_004OUT004              3.82159532E+01  8.55604900E-03 -2.03834012E-05
                            5.09726394E+01  1.32758019E-02 -4.05933472E-05
                            6.09514915E+01  1.82114673E-02 -7.57011268E-05
                            1.55586612E+02  1.68153741E-01  4.70223717E-03
$VINTAGE, -1,
$UNITS, -1., -1.,
=========<  End of LUNIT7 punched cards as flushed by  $PUNCH  request  >=======

Blank card ends stacked subcases of cable data.   |BLANK CARD ENDING CABLE CONSTANTS

Total case timing (CP, I/O, tot), sec:      0.000     0.000     0.000

